============================= test session starts ==============================
platform linux -- Python 3.10.17, pytest-8.4.0, pluggy-1.5.0
rootdir: /app
plugins: cov-6.2.1, anyio-4.9.0, json-report-1.5.0, metadata-3.1.1
collected 5 items / 4 deselected / 1 selected

tests/test_core.py F                                                     [100%]

=================================== FAILURES ===================================
____________________ test_bot_assign_proxy_and_fingerprint _____________________

    def test_bot_assign_proxy_and_fingerprint():
        bot = TikTokBot("userx", {"pass": "xyz"})
>       bot.assign_proxy("proxyX")
E       AttributeError: 'TikTokBot' object has no attribute 'assign_proxy'

tests/test_core.py:27: AttributeError
=========================== short test summary info ============================
FAILED tests/test_core.py::test_bot_assign_proxy_and_fingerprint - AttributeE...
======================= 1 failed, 4 deselected in 22.49s =======================
